<?xml version="1.0" encoding="UTF-8"?>
<!-- Generated by org.testng.reporters.JUnitReportReporter -->
<testsuite hostname="DineshSaiwal" failures="0" tests="1" name="Test_Package.dummy" time="6.139" errors="0" timestamp="2025-04-18T23:13:03 IST" skipped="0">
  <testcase classname="Test_Package.dummy" name="abcd" time="6.139"/>
  <system-out/>
</testsuite> <!-- Test_Package.dummy -->
