<?xml version="1.0" encoding="UTF-8"?>
<!-- Generated by org.testng.reporters.JUnitReportReporter -->
<testsuite hostname="DineshSaiwal" failures="0" tests="1" name="Test_Package.Login" time="2.496" errors="0" timestamp="2025-04-18T22:28:07 IST" skipped="0">
  <testcase classname="Test_Package.Login" name="Test_Login" time="2.496"/>
  <system-out/>
</testsuite> <!-- Test_Package.Login -->
