<?xml version="1.0" encoding="UTF-8"?>
<!-- Generated by org.testng.reporters.JUnitReportReporter -->
<testsuite hostname="DESKTOP-D886HJ1" failures="0" tests="1" name="Admin_Scripts.Admin_Login" time="1.194" errors="0" timestamp="2025-05-30T11:37:15 IST" skipped="0">
  <testcase classname="Admin_Scripts.Admin_Login" name="Admin_Login_Test" time="1.194"/>
  <system-out/>
</testsuite> <!-- Admin_Scripts.Admin_Login -->
