<?xml version="1.0" encoding="UTF-8"?>
<!-- Generated by org.testng.reporters.JUnitReportReporter -->
<testsuite hostname="DESKTOP-D886HJ1" failures="0" tests="1" name="Test_Scripts.T_Member_Login" time="4.227" errors="0" timestamp="2025-05-12T11:26:55 IST" skipped="0">
  <testcase classname="Test_Scripts.T_Member_Login" name="Team_Member_Login_Test" time="4.227"/>
  <system-out/>
</testsuite> <!-- Test_Scripts.T_Member_Login -->
