<?xml version="1.0" encoding="UTF-8"?>
<!-- Generated by org.testng.reporters.JUnitReportReporter -->
<testsuite hostname="DESKTOP-D886HJ1" failures="0" tests="1" name="Permission.Permission" time="2.015" errors="0" timestamp="2025-05-29T16:20:21 IST" skipped="0">
  <testcase classname="Permission.Permission" name="Validation" time="2.015"/>
  <system-out/>
</testsuite> <!-- Permission.Permission -->
