<?xml version="1.0" encoding="UTF-8"?>
<!-- Generated by org.testng.reporters.JUnitReportReporter -->
<testsuite hostname="DESKTOP-D886HJ1" failures="0" tests="1" name="Team_Member_Scripts.T_Member_Login" time="4.178" errors="0" timestamp="2025-05-30T11:37:15 IST" skipped="0">
  <testcase classname="Team_Member_Scripts.T_Member_Login" name="Team_Member_Login_Test" time="4.178"/>
  <system-out/>
</testsuite> <!-- Team_Member_Scripts.T_Member_Login -->
