<?xml version="1.0" encoding="UTF-8"?>
<!-- Generated by org.testng.reporters.JUnitReportReporter -->
<testsuite hostname="DESKTOP-D886HJ1" failures="0" tests="1" name="Test_Scripts.Super_Admin_Login" time="4.558" errors="0" timestamp="2025-05-12T11:37:00 IST" skipped="0">
  <testcase classname="Test_Scripts.Super_Admin_Login" name="Super_Admin_Login_Test" time="4.558"/>
  <system-out/>
</testsuite> <!-- Test_Scripts.Super_Admin_Login -->
