<?xml version="1.0" encoding="UTF-8"?>
<!-- Generated by org.testng.reporters.JUnitReportReporter -->
<testsuite hostname="DESKTOP-D886HJ1" failures="0" tests="1" name="Super_Admin_Scripts.Add_Client" time="19.060" errors="0" timestamp="2025-05-30T11:37:15 IST" skipped="0">
  <testcase classname="Super_Admin_Scripts.Add_Client" name="Add_Client_Test" time="19.060"/>
  <system-out/>
</testsuite> <!-- Super_Admin_Scripts.Add_Client -->
