<?xml version="1.0" encoding="UTF-8"?>
<!-- Generated by org.testng.reporters.JUnitReportReporter -->
<testsuite hostname="DESKTOP-D886HJ1" failures="0" tests="1" name="Test_Scripts.B_Manager_Login" time="4.257" errors="0" timestamp="2025-05-12T11:26:55 IST" skipped="0">
  <testcase classname="Test_Scripts.B_Manager_Login" name="B_Manager_Login_Test" time="4.257"/>
  <system-out/>
</testsuite> <!-- Test_Scripts.B_Manager_Login -->
