<?xml version="1.0" encoding="UTF-8"?>
<!-- Generated by org.testng.reporters.JUnitReportReporter -->
<testsuite hostname="DESKTOP-D886HJ1" failures="0" tests="1" name="Bid_Manager_Scripts.Resource_Bank" time="14.060" errors="0" timestamp="2025-05-30T11:37:15 IST" skipped="0">
  <testcase classname="Bid_Manager_Scripts.Resource_Bank" name="Adding_Historical_Proposal" time="14.060"/>
  <system-out/>
</testsuite> <!-- Bid_Manager_Scripts.Resource_Bank -->
