<?xml version="1.0" encoding="UTF-8"?>
<!-- Generated by org.testng.reporters.JUnitReportReporter -->
<testsuite hostname="DESKTOP-D886HJ1" failures="0" tests="1" name="Bid_Manager_Scripts.Updating_TeamMember" time="13.408" errors="0" timestamp="2025-05-30T11:37:15 IST" skipped="0">
  <testcase classname="Bid_Manager_Scripts.Updating_TeamMember" name="Update_TeamMember_Test" time="13.408"/>
  <system-out/>
</testsuite> <!-- Bid_Manager_Scripts.Updating_TeamMember -->
