<?xml version="1.0" encoding="UTF-8"?>
<!-- Generated by org.testng.reporters.JUnitReportReporter -->
<testsuite hostname="DESKTOP-D886HJ1" failures="0" tests="1" name="Super_Admin_Scripts.Updating_Client" time="17.715" errors="0" timestamp="2025-05-30T11:37:15 IST" skipped="0">
  <testcase classname="Super_Admin_Scripts.Updating_Client" name="Update_Client_Test" time="17.715"/>
  <system-out/>
</testsuite> <!-- Super_Admin_Scripts.Updating_Client -->
