<?xml version="1.0" encoding="UTF-8"?>
<!-- Generated by org.testng.reporters.JUnitReportReporter -->
<testsuite hostname="DESKTOP-D886HJ1" failures="0" tests="1" name="Test_Package.Login" time="10.193" errors="0" timestamp="2025-04-21T16:00:47 IST" skipped="0">
  <testcase classname="Test_Package.Login" name="Test_Login" time="10.193"/>
  <system-out/>
</testsuite> <!-- Test_Package.Login -->
