<?xml version="1.0" encoding="UTF-8"?>
<!-- Generated by org.testng.reporters.JUnitReportReporter -->
<testsuite hostname="DESKTOP-D886HJ1" failures="0" tests="1" name="Test_Scripts.Admin_Login" time="4.392" errors="0" timestamp="2025-04-30T12:19:23 IST" skipped="0">
  <testcase classname="Test_Scripts.Admin_Login" name="AdminLogin_Test" time="4.392"/>
  <system-out/>
</testsuite> <!-- Test_Scripts.Admin_Login -->
