<?xml version="1.0" encoding="UTF-8"?>
<!-- Generated by org.testng.reporters.JUnitReportReporter -->
<testsuite hostname="DESKTOP-D886HJ1" failures="0" tests="1" name="Super_Admin_Scripts.Inactive_Client" time="6.873" errors="0" timestamp="2025-05-19T15:41:46 IST" skipped="0">
  <testcase classname="Super_Admin_Scripts.Inactive_Client" name="Inactivate_Client_Test" time="6.873"/>
  <system-out/>
</testsuite> <!-- Super_Admin_Scripts.Inactive_Client -->
