<?xml version="1.0" encoding="UTF-8"?>
<!-- Generated by org.testng.reporters.JUnitReportReporter -->
<testsuite hostname="DESKTOP-D886HJ1" failures="0" tests="1" name="Team_Member_Scripts.T_Member_Login" time="4.235" errors="0" timestamp="2025-05-19T15:41:46 IST" skipped="0">
  <testcase classname="Team_Member_Scripts.T_Member_Login" name="Team_Member_Login_Test" time="4.235"/>
  <system-out/>
</testsuite> <!-- Team_Member_Scripts.T_Member_Login -->
