<?xml version="1.0" encoding="UTF-8"?>
<!-- Generated by org.testng.reporters.JUnitReportReporter -->
<testsuite hostname="DESKTOP-D886HJ1" failures="0" tests="1" name="Bid_Manager_Scripts.B_Manager_Login" time="0.687" errors="0" timestamp="2025-05-19T15:41:46 IST" skipped="0">
  <testcase classname="Bid_Manager_Scripts.B_Manager_Login" name="B_Manager_Login_Test" time="0.687"/>
  <system-out/>
</testsuite> <!-- Bid_Manager_Scripts.B_Manager_Login -->
