<?xml version="1.0" encoding="UTF-8"?>
<!-- Generated by org.testng.reporters.JUnitReportReporter -->
<testsuite hostname="DESKTOP-D886HJ1" failures="0" tests="1" name="Bid_Manager_Scripts.Historical_Proposal" time="27.478" errors="0" timestamp="2025-05-19T15:41:46 IST" skipped="0">
  <testcase classname="Bid_Manager_Scripts.Historical_Proposal" name="Adding_Historical_Proposal" time="27.478"/>
  <system-out/>
</testsuite> <!-- Bid_Manager_Scripts.Historical_Proposal -->
